<?xml version="1.0" encoding="UTF-8"?>
<testng-results ignored="0" total="3" passed="3" failed="0" skipped="0">
  <reporter-output>
  </reporter-output>
  <suite started-at="2023-03-24T06:29:49Z" name="Suite" finished-at="2023-03-24T06:30:04Z" duration-ms="14778">
    <groups>
    </groups>
    <test started-at="2023-03-24T06:29:49Z" name="Test" finished-at="2023-03-24T06:30:04Z" duration-ms="14778">
      <class name="com.test.JDBC.TestNg">
        <test-method is-config="true" signature="beforeClass()[pri:0, instance:com.test.JDBC.TestNg@358c99f5]" started-at="2023-03-24T06:29:49Z" name="beforeClass" finished-at="2023-03-24T06:29:49Z" duration-ms="8" status="PASS">
          <reporter-output>
          </reporter-output>
        </test-method> <!-- beforeClass -->
        <test-method signature="Test()[pri:0, instance:com.test.JDBC.TestNg@358c99f5]" started-at="2023-03-24T06:29:49Z" name="Test" finished-at="2023-03-24T06:29:54Z" duration-ms="5185" status="PASS">
          <reporter-output>
          </reporter-output>
        </test-method> <!-- Test -->
        <test-method signature="Test1()[pri:0, instance:com.test.JDBC.TestNg@358c99f5]" started-at="2023-03-24T06:29:54Z" name="Test1" finished-at="2023-03-24T06:29:58Z" duration-ms="4024" status="PASS">
          <reporter-output>
          </reporter-output>
        </test-method> <!-- Test1 -->
        <test-method signature="Test2()[pri:0, instance:com.test.JDBC.TestNg@358c99f5]" started-at="2023-03-24T06:29:58Z" name="Test2" finished-at="2023-03-24T06:30:04Z" duration-ms="5545" status="PASS">
          <reporter-output>
          </reporter-output>
        </test-method> <!-- Test2 -->
        <test-method is-config="true" signature="afterClass()[pri:0, instance:com.test.JDBC.TestNg@358c99f5]" started-at="2023-03-24T06:30:04Z" name="afterClass" finished-at="2023-03-24T06:30:04Z" duration-ms="0" status="PASS">
          <reporter-output>
          </reporter-output>
        </test-method> <!-- afterClass -->
      </class> <!-- com.test.JDBC.TestNg -->
    </test> <!-- Test -->
  </suite> <!-- Suite -->
</testng-results>
