<?xml version="1.0" encoding="UTF-8"?>
<testsuite xmlns:xsi="http://www.w3.org/2001/XMLSchema-instance" xsi:noNamespaceSchemaLocation="https://maven.apache.org/surefire/maven-surefire-plugin/xsd/surefire-test-report-3.0.xsd" version="3.0" name="TestSuite" time="15.052" tests="3" errors="0" skipped="0" failures="0">
  <properties>
[...]
</properties>
  <testcase name="Test" classname="com.test.JDBC.TestNg" time="5.192">
    <system-out><![CDATA[[TestNGContentHandler] [WARN] It is strongly recommended to add "<!DOCTYPE suite SYSTEM "http://testng.org/testng-1.0.dtd" >" at the top of your file, otherwise TestNG may fail or not work as expected.
122
amit kumar
Bengaluru
amit121@cisco.com
4
2023-03-22 14:22:54
amit
Bgl-16
amit kumar
Bengaluru
amit300@cisco.com
5
2023-03-24 05:17:18
amit
Bgl-16
amit kumar
Bengaluru
amit166@cisco.com
6
2023-03-24 06:19:11
amit
Bgl-16
amit kumar
Bengaluru
amit602@cisco.com
7
2023-03-24 06:25:27
amit
Bgl-16
amit kumar
Bengaluru
amit170@cisco.com
8
2023-03-24 06:27:22
amit
Bgl-16
amit kumar
Bengaluru
amit122@cisco.com
9
2023-03-24 06:29:52
amit
Bgl-16
done
amit kumar
Bengaluru
amit122@cisco.com
Bgl-16
amit
amit kumar
Bengaluru
amit121@cisco.com
4
2023-03-22 14:22:54
amit
Bgl-16
amit kumar
Bengaluru
amit300@cisco.com
5
2023-03-24 05:17:18
amit
Bgl-16
amit kumar
Bengaluru
amit166@cisco.com
6
2023-03-24 06:19:11
amit
Bgl-16
amit kumar
Bengaluru
amit602@cisco.com
7
2023-03-24 06:25:27
amit
Bgl-16
amit kumar
Bengaluru
amit170@cisco.com
8
2023-03-24 06:27:22
amit
Bgl-16
amit kumar
Bengaluru
amit122@cisco.com
9
2023-03-24 06:29:52
amit
Bgl-16
done
printing act_details and exp_details
amit kumar
amit kumar
Details are Validated
Bengaluru
Bengaluru
Details are Validated
amit122@cisco.com
amit122@cisco.com
Details are Validated
Bgl-16
Bgl-16
Details are Validated
amit
amit
Details are Validated


expected_value = 1
actual_Value = 1
]]></system-out>
    <system-err><![CDATA[SLF4J: No SLF4J providers were found.
SLF4J: Defaulting to no-operation (NOP) logger implementation
SLF4J: See https://www.slf4j.org/codes.html#noProviders for further details.
ERROR StatusLogger Log4j2 could not find a logging implementation. Please add log4j-core to the classpath. Using SimpleLogger to log to the console...
Starting ChromeDriver 2.41.578700 (2f1ed5f9343c13f73144538f15c00b370eda6706) on port 11684
Only local connections are allowed.
Mar 24, 2023 6:29:51 AM org.openqa.selenium.devtools.CdpVersionFinder findNearestMatch
WARNING: Unable to find CDP implementation matching 83
Mar 24, 2023 6:29:51 AM org.openqa.selenium.chromium.ChromiumDriver lambda$new$3
WARNING: Unable to find version of CDP to use for . You may need to include a dependency on a specific version of the CDP using something similar to `org.seleniumhq.selenium:selenium-devtools-v86:4.8.1` where the version ("v86") matches the version of the chromium-based browser you're using and the version number of the artifact is the same as Selenium's.
]]></system-err>
  </testcase>
  <testcase name="Test1" classname="com.test.JDBC.TestNg" time="4.017">
    <system-out><![CDATA[printing No of Rows3
   


Printing the table from home page
Source
Destination
Airline
Duration
Cost
 
Bangalore
Chennai
AirAsia
Dep.8 pm Arr.9.30pm (1.30 hours)
4500.00
Book Flight
Bangalore
Hyderabad
Vistara
Dep.8 AM Arr.10:30 AMx (2.5 HOURS)
2500.00
Book Flight



Printing From location inside dropdown
Bangalore



Printing TO location inside dropdown
Hyderabad
printing No of Rows2
Source,
Destination,
Airline,
Duration,
Cost,
 ,
Bangalore,
Hyderabad,
Vistara,
Dep.8 AM Arr.10:30 AMx (2.5 HOURS),
2500.00,
Book Flight,



Source
Destination
Airline
Duration
Cost
 
Bangalore
Hyderabad
Vistara
Dep.8 AM Arr.10:30 AMx (2.5 HOURS)
2500.00
Book Flight
printing from and to from table after submit to verify
Bangalore
Hyderabad



Source Location Validated
Destination Location Validated


expected_value = 2
actual_Value = 2
]]></system-out>
    <system-err><![CDATA[Starting ChromeDriver 2.41.578700 (2f1ed5f9343c13f73144538f15c00b370eda6706) on port 19634
Only local connections are allowed.
Mar 24, 2023 6:29:55 AM org.openqa.selenium.devtools.CdpVersionFinder findNearestMatch
WARNING: Unable to find CDP implementation matching 83
Mar 24, 2023 6:29:55 AM org.openqa.selenium.chromium.ChromiumDriver lambda$new$3
WARNING: Unable to find version of CDP to use for . You may need to include a dependency on a specific version of the CDP using something similar to `org.seleniumhq.selenium:selenium-devtools-v86:4.8.1` where the version ("v86") matches the version of the chromium-based browser you're using and the version number of the artifact is the same as Selenium's.
]]></system-err>
  </testcase>
  <testcase name="Test2" classname="com.test.JDBC.TestNg" time="5.547">
    <system-out><![CDATA[Printing From location inside dropdown
Bangalore



Printing TO location inside dropdown
Hyderabad
printing No of Rows15
Date Of Booking,
Source,
Destination,
Airline,
Cost,
2023-03-24 06:30:00.0,
Bangalore,
Hyderabad,
Dep.8 AM Arr.10:30 AMx (2.5 HOURS),
2500.00,
2023-03-24 06:27:30.0,
Bangalore,
Hyderabad,
Dep.8 AM Arr.10:30 AMx (2.5 HOURS),
2500.00,
2023-03-24 06:25:35.0,
Bangalore,
Hyderabad,
Dep.8 AM Arr.10:30 AMx (2.5 HOURS),
2500.00,
2023-03-24 06:19:20.0,
Bangalore,
Hyderabad,
Dep.8 AM Arr.10:30 AMx (2.5 HOURS),
2500.00,
2023-03-24 05:17:22.0,
Bangalore,
Hyderabad,
Dep.8 AM Arr.10:30 AMx (2.5 HOURS),
2500.00,
2023-03-24 05:10:07.0,
Bangalore,
Hyderabad,
Dep.8 AM Arr.10:30 AMx (2.5 HOURS),
2500.00,
2023-03-24 05:08:44.0,
Bangalore,
Hyderabad,
Dep.8 AM Arr.10:30 AMx (2.5 HOURS),
2500.00,
2023-03-24 05:02:06.0,
Bangalore,
Hyderabad,
Dep.8 AM Arr.10:30 AMx (2.5 HOURS),
2500.00,
2023-03-24 04:42:32.0,
Bangalore,
Hyderabad,
Dep.8 AM Arr.10:30 AMx (2.5 HOURS),
2500.00,
2023-03-23 03:45:41.0,
Bangalore,
Hyderabad,
Dep.8 AM Arr.10:30 AMx (2.5 HOURS),
2500.00,
2023-03-23 03:44:37.0,
Bangalore,
Hyderabad,
Dep.8 AM Arr.10:30 AMx (2.5 HOURS),
2500.00,
2023-03-22 15:31:48.0,
Bangalore,
Hyderabad,
Dep.8 AM Arr.10:30 AMx (2.5 HOURS),
2500.00,
2023-03-22 15:22:43.0,
Bangalore,
Hyderabad,
Dep.8 AM Arr.10:30 AMx (2.5 HOURS),
2500.00,
2023-03-22 14:24:38.0,
Bangalore,
Hyderabad,
Dep.8 AM Arr.10:30 AMx (2.5 HOURS),
2500.00,



Date Of Booking
Source
Destination
Airline
Cost
2023-03-24 06:30:00.0
Bangalore
Hyderabad
Dep.8 AM Arr.10:30 AMx (2.5 HOURS)
2500.00
2023-03-24 06:27:30.0
Bangalore
Hyderabad
Dep.8 AM Arr.10:30 AMx (2.5 HOURS)
2500.00
2023-03-24 06:25:35.0
Bangalore
Hyderabad
Dep.8 AM Arr.10:30 AMx (2.5 HOURS)
2500.00
2023-03-24 06:19:20.0
Bangalore
Hyderabad
Dep.8 AM Arr.10:30 AMx (2.5 HOURS)
2500.00
2023-03-24 05:17:22.0
Bangalore
Hyderabad
Dep.8 AM Arr.10:30 AMx (2.5 HOURS)
2500.00
2023-03-24 05:10:07.0
Bangalore
Hyderabad
Dep.8 AM Arr.10:30 AMx (2.5 HOURS)
2500.00
2023-03-24 05:08:44.0
Bangalore
Hyderabad
Dep.8 AM Arr.10:30 AMx (2.5 HOURS)
2500.00
2023-03-24 05:02:06.0
Bangalore
Hyderabad
Dep.8 AM Arr.10:30 AMx (2.5 HOURS)
2500.00
2023-03-24 04:42:32.0
Bangalore
Hyderabad
Dep.8 AM Arr.10:30 AMx (2.5 HOURS)
2500.00
2023-03-23 03:45:41.0
Bangalore
Hyderabad
Dep.8 AM Arr.10:30 AMx (2.5 HOURS)
2500.00
2023-03-23 03:44:37.0
Bangalore
Hyderabad
Dep.8 AM Arr.10:30 AMx (2.5 HOURS)
2500.00
2023-03-22 15:31:48.0
Bangalore
Hyderabad
Dep.8 AM Arr.10:30 AMx (2.5 HOURS)
2500.00
2023-03-22 15:22:43.0
Bangalore
Hyderabad
Dep.8 AM Arr.10:30 AMx (2.5 HOURS)
2500.00
2023-03-22 14:24:38.0
Bangalore
Hyderabad
Dep.8 AM Arr.10:30 AMx (2.5 HOURS)
2500.00






Bangalore
Hyderabad


Validation of Source after booking
Validation of Destination after booking





expected_value = 2
actual_Value = 2
]]></system-out>
    <system-err><![CDATA[Starting ChromeDriver 2.41.578700 (2f1ed5f9343c13f73144538f15c00b370eda6706) on port 14760
Only local connections are allowed.
Mar 24, 2023 6:29:59 AM org.openqa.selenium.devtools.CdpVersionFinder findNearestMatch
WARNING: Unable to find CDP implementation matching 83
Mar 24, 2023 6:29:59 AM org.openqa.selenium.chromium.ChromiumDriver lambda$new$3
WARNING: Unable to find version of CDP to use for . You may need to include a dependency on a specific version of the CDP using something similar to `org.seleniumhq.selenium:selenium-devtools-v86:4.8.1` where the version ("v86") matches the version of the chromium-based browser you're using and the version number of the artifact is the same as Selenium's.
]]></system-err>
  </testcase>
</testsuite>