<?xml version="1.0" encoding="UTF-8"?>
<!-- Generated by org.testng.reporters.JUnitXMLReporter -->
<testsuite hostname="ip-172-31-23-227" ignored="0" name="Default test" tests="3" failures="0" timestamp="24 Mar 2023 08:36:26 GMT" time="16.966" errors="0">
  <testcase name="Test" time="6.757" classname="com.test.JDBC.TestNg"/>
  <testcase name="Test1" time="4.275" classname="com.test.JDBC.TestNg"/>
  <testcase name="Test2" time="5.904" classname="com.test.JDBC.TestNg"/>
</testsuite> <!-- Default test -->
